   Γû▓ Next.js 15.5.4
   - Local:        http://localhost:3004
   - Network:      http://192.168.4.24:3004

 Γ£ô Starting...
 Γ£ô Ready in 1626ms
 Γ¿» The requested resource isn't a valid image for /images/0.jpg received null
 Γ¿» The requested resource isn't a valid image for /logo.jpg received null
 Γ¿» The requested resource isn't a valid image for /shira-photo.jpg received null
[Error: The requested resource isn't a valid image.] { statusCode: 400 }
[Error: The requested resource isn't a valid image.] { statusCode: 400 }
[Error: The requested resource isn't a valid image.] { statusCode: 400 }
[reviews] fetched { ok: true, status: 200, length: 1172 }
[reviews] parsed
[reviews] mapped { count: 3 }
 Γ¿» The requested resource isn't a valid image for /images/1.jpg received null
 Γ¿» The requested resource isn't a valid image for /images/2.jpg received null
 Γ¿» The requested resource isn't a valid image for /images/3.jpg received null
 Γ¿» The requested resource isn't a valid image for /images/4.jpg received null
 Γ¿» The requested resource isn't a valid image for /images/5.jpg received null
 Γ¿» The requested resource isn't a valid image for /images/6.jpg received null
 Γ¿» The requested resource isn't a valid image for /images/7.jpg received null
 Γ¿» The requested resource isn't a valid image for /images/9.jpg received null
 Γ¿» The requested resource isn't a valid image for /images/10.jpg received null
 Γ¿» The requested resource isn't a valid image for /images/11.jpg received null
[Error: The requested resource isn't a valid image.] { statusCode: 400 }
[Error: The requested resource isn't a valid image.] { statusCode: 400 }
 Γ¿» The requested resource isn't a valid image for /images/12.jpg received null
 Γ¿» The requested resource isn't a valid image for /images/13.jpg received null
[Error: The requested resource isn't a valid image.] { statusCode: 400 }
[Error: The requested resource isn't a valid image.] { statusCode: 400 }
[Error: The requested resource isn't a valid image.] { statusCode: 400 }
[Error: The requested resource isn't a valid image.] { statusCode: 400 }
[Error: The requested resource isn't a valid image.] { statusCode: 400 }
[Error: The requested resource isn't a valid image.] { statusCode: 400 }
[Error: The requested resource isn't a valid image.] { statusCode: 400 }
[Error: The requested resource isn't a valid image.] { statusCode: 400 }
[Error: The requested resource isn't a valid image.] { statusCode: 400 }
[Error: The requested resource isn't a valid image.] { statusCode: 400 }
 Γ¿» The requested resource isn't a valid image for /images/14.jpg received null
 Γ¿» The requested resource isn't a valid image for /images/15.jpg received null
 Γ¿» The requested resource isn't a valid image for /images/16.jpg received null
 Γ¿» The requested resource isn't a valid image for /images/17.jpg received null
 Γ¿» The requested resource isn't a valid image for /images/18.jpg received null
 Γ¿» The requested resource isn't a valid image for /images/19.jpg received null
 Γ¿» The requested resource isn't a valid image for /images/20.jpg received null
 Γ¿» The requested resource isn't a valid image for /images/21.jpg received null
[Error: The requested resource isn't a valid image.] { statusCode: 400 }
[Error: The requested resource isn't a valid image.] { statusCode: 400 }
[Error: The requested resource isn't a valid image.] { statusCode: 400 }
[Error: The requested resource isn't a valid image.] { statusCode: 400 }
 Γ¿» The requested resource isn't a valid image for /images/22.jpg received null
 Γ¿» The requested resource isn't a valid image for /images/23.jpg received null
 Γ¿» The requested resource isn't a valid image for /images/24.jpg received null
 Γ¿» The requested resource isn't a valid image for /images/25.jpg received null
[Error: The requested resource isn't a valid image.] { statusCode: 400 }
[Error: The requested resource isn't a valid image.] { statusCode: 400 }
[Error: The requested resource isn't a valid image.] { statusCode: 400 }
[Error: The requested resource isn't a valid image.] { statusCode: 400 }
[Error: The requested resource isn't a valid image.] { statusCode: 400 }
[Error: The requested resource isn't a valid image.] { statusCode: 400 }
[Error: The requested resource isn't a valid image.] { statusCode: 400 }
[Error: The requested resource isn't a valid image.] { statusCode: 400 }
 Γ¿» The requested resource isn't a valid image for /images/27.jpg received null
 Γ¿» The requested resource isn't a valid image for /images/26.jpg received null
 Γ¿» The requested resource isn't a valid image for /images/28.jpg received null
 Γ¿» The requested resource isn't a valid image for /images/29.jpg received null
 Γ¿» The requested resource isn't a valid image for /images/30.jpg received null
 Γ¿» The requested resource isn't a valid image for /images/32.jpg received null
 Γ¿» The requested resource isn't a valid image for /images/33.jpg received null
 Γ¿» The requested resource isn't a valid image for /images/31.jpg received null
[Error: The requested resource isn't a valid image.] { statusCode: 400 }
[Error: The requested resource isn't a valid image.] { statusCode: 400 }
[Error: The requested resource isn't a valid image.] { statusCode: 400 }
[Error: The requested resource isn't a valid image.] { statusCode: 400 }
[Error: The requested resource isn't a valid image.] { statusCode: 400 }
[Error: The requested resource isn't a valid image.] { statusCode: 400 }
[Error: The requested resource isn't a valid image.] { statusCode: 400 }
[Error: The requested resource isn't a valid image.] { statusCode: 400 }
 Γ¿» The requested resource isn't a valid image for /images/35.jpg received null
 Γ¿» The requested resource isn't a valid image for /images/34.jpg received null
 Γ¿» The requested resource isn't a valid image for /images/37.jpg received null
 Γ¿» The requested resource isn't a valid image for /images/36.jpg received null
 Γ¿» The requested resource isn't a valid image for /images/38.jpg received null
 Γ¿» The requested resource isn't a valid image for /images/39.jpg received null
 Γ¿» The requested resource isn't a valid image for /images/40.jpg received null
 Γ¿» The requested resource isn't a valid image for /images/41.jpg received null
 Γ¿» The requested resource isn't a valid image for /images/42.jpg received null
 Γ¿» The requested resource isn't a valid image for /images/43.jpg received null
 Γ¿» The requested resource isn't a valid image for /images/44.jpg received null
 Γ¿» The requested resource isn't a valid image for /images/45.jpg received null
[Error: The requested resource isn't a valid image.] { statusCode: 400 }
[Error: The requested resource isn't a valid image.] { statusCode: 400 }
[Error: The requested resource isn't a valid image.] { statusCode: 400 }
[Error: The requested resource isn't a valid image.] { statusCode: 400 }
[Error: The requested resource isn't a valid image.] { statusCode: 400 }
[Error: The requested resource isn't a valid image.] { statusCode: 400 }
[Error: The requested resource isn't a valid image.] { statusCode: 400 }
[Error: The requested resource isn't a valid image.] { statusCode: 400 }
[Error: The requested resource isn't a valid image.] { statusCode: 400 }
[Error: The requested resource isn't a valid image.] { statusCode: 400 }
[Error: The requested resource isn't a valid image.] { statusCode: 400 }
[Error: The requested resource isn't a valid image.] { statusCode: 400 }
 Γ¿» The requested resource isn't a valid image for /images/46.jpg received null
 Γ¿» The requested resource isn't a valid image for /images/47.jpg received null
 Γ¿» The requested resource isn't a valid image for /images/48.jpg received null
 Γ¿» The requested resource isn't a valid image for /images/60.jpg received null
[Error: The requested resource isn't a valid image.] { statusCode: 400 }
[Error: The requested resource isn't a valid image.] { statusCode: 400 }
[Error: The requested resource isn't a valid image.] { statusCode: 400 }
[Error: The requested resource isn't a valid image.] { statusCode: 400 }
 Γ¿» The requested resource isn't a valid image for /images/61.jpg received null
 Γ¿» The requested resource isn't a valid image for /images/62.jpg received null
 Γ¿» The requested resource isn't a valid image for /images/63.jpg received null
 Γ¿» The requested resource isn't a valid image for /images/64.jpg received null
 Γ¿» The requested resource isn't a valid image for /images/65.jpg received null
 Γ¿» The requested resource isn't a valid image for /images/66.jpg received null
 Γ¿» The requested resource isn't a valid image for /images/67.jpg received null
 Γ¿» The requested resource isn't a valid image for /images/68.jpg received null
 Γ¿» The requested resource isn't a valid image for /images/69.jpg received null
 Γ¿» The requested resource isn't a valid image for /images/70.jpg received null
[Error: The requested resource isn't a valid image.] { statusCode: 400 }
[Error: The requested resource isn't a valid image.] { statusCode: 400 }
[Error: The requested resource isn't a valid image.] { statusCode: 400 }
[Error: The requested resource isn't a valid image.] { statusCode: 400 }
 Γ¿» The requested resource isn't a valid image for /images/71.jpg received null
 Γ¿» The requested resource isn't a valid image for /images/72.jpg received null
[Error: The requested resource isn't a valid image.] { statusCode: 400 }
[Error: The requested resource isn't a valid image.] { statusCode: 400 }
[Error: The requested resource isn't a valid image.] { statusCode: 400 }
[Error: The requested resource isn't a valid image.] { statusCode: 400 }
[Error: The requested resource isn't a valid image.] { statusCode: 400 }
[Error: The requested resource isn't a valid image.] { statusCode: 400 }
[Error: The requested resource isn't a valid image.] { statusCode: 400 }
[Error: The requested resource isn't a valid image.] { statusCode: 400 }
 Γ¿» The requested resource isn't a valid image for /images/73.jpg received null
[Error: The requested resource isn't a valid image.] { statusCode: 400 }
 Γ¿» The requested resource isn't a valid image for /images/0.jpg received null
 Γ¿» The requested resource isn't a valid image for /images/11.jpg received null
[Error: The requested resource isn't a valid image.] { statusCode: 400 }
[Error: The requested resource isn't a valid image.] { statusCode: 400 }
 Γ¿» The requested resource isn't a valid image for /shira-photo.jpg received null
[Error: The requested resource isn't a valid image.] { statusCode: 400 }
 Γ¿» The requested resource isn't a valid image for /logo.jpg received null
[Error: The requested resource isn't a valid image.] { statusCode: 400 }
 Γ¿» The requested resource isn't a valid image for /images/73.jpg received null
[Error: The requested resource isn't a valid image.] { statusCode: 400 }
 Γ¿» The requested resource isn't a valid image for /images/42.jpg received null
 Γ¿» The requested resource isn't a valid image for /images/44.jpg received null
 Γ¿» The requested resource isn't a valid image for /images/45.jpg received null
 Γ¿» The requested resource isn't a valid image for /images/46.jpg received null
 Γ¿» The requested resource isn't a valid image for /images/43.jpg received null
 Γ¿» The requested resource isn't a valid image for /images/47.jpg received null
 Γ¿» The requested resource isn't a valid image for /images/48.jpg received null
 Γ¿» The requested resource isn't a valid image for /images/60.jpg received null
 Γ¿» The requested resource isn't a valid image for /images/61.jpg received null
 Γ¿» The requested resource isn't a valid image for /images/62.jpg received null
[Error: The requested resource isn't a valid image.] { statusCode: 400 }
[Error: The requested resource isn't a valid image.] { statusCode: 400 }
[Error: The requested resource isn't a valid image.] { statusCode: 400 }
[Error: The requested resource isn't a valid image.] { statusCode: 400 }
[Error: The requested resource isn't a valid image.] { statusCode: 400 }
 Γ¿» The requested resource isn't a valid image for /images/63.jpg received null
 Γ¿» The requested resource isn't a valid image for /images/64.jpg received null
 Γ¿» The requested resource isn't a valid image for /images/65.jpg received null
 Γ¿» The requested resource isn't a valid image for /images/66.jpg received null
[Error: The requested resource isn't a valid image.] { statusCode: 400 }
[Error: The requested resource isn't a valid image.] { statusCode: 400 }
[Error: The requested resource isn't a valid image.] { statusCode: 400 }
[Error: The requested resource isn't a valid image.] { statusCode: 400 }
[Error: The requested resource isn't a valid image.] { statusCode: 400 }
[Error: The requested resource isn't a valid image.] { statusCode: 400 }
[Error: The requested resource isn't a valid image.] { statusCode: 400 }
[Error: The requested resource isn't a valid image.] { statusCode: 400 }
[Error: The requested resource isn't a valid image.] { statusCode: 400 }
 Γ¿» The requested resource isn't a valid image for /images/67.jpg received null
 Γ¿» The requested resource isn't a valid image for /images/68.jpg received null
 Γ¿» The requested resource isn't a valid image for /images/70.jpg received null
 Γ¿» The requested resource isn't a valid image for /images/69.jpg received null
 Γ¿» The requested resource isn't a valid image for /images/71.jpg received null
 Γ¿» The requested resource isn't a valid image for /images/72.jpg received null
[Error: The requested resource isn't a valid image.] { statusCode: 400 }
[Error: The requested resource isn't a valid image.] { statusCode: 400 }
[Error: The requested resource isn't a valid image.] { statusCode: 400 }
[Error: The requested resource isn't a valid image.] { statusCode: 400 }
[Error: The requested resource isn't a valid image.] { statusCode: 400 }
[Error: The requested resource isn't a valid image.] { statusCode: 400 }
[reviews] fetched { ok: true, status: 200, length: 1172 }
[reviews] parsed
[reviews] mapped { count: 3 }
 Γ¿» The requested resource isn't a valid image for /images/0.jpg received null
[Error: The requested resource isn't a valid image.] { statusCode: 400 }
 Γ¿» The requested resource isn't a valid image for /shira-photo.jpg received null
[Error: The requested resource isn't a valid image.] { statusCode: 400 }
 Γ¿» The requested resource isn't a valid image for /images/11.jpg received null
[Error: The requested resource isn't a valid image.] { statusCode: 400 }
 Γ¿» The requested resource isn't a valid image for /logo.jpg received null
 Γ¿» The requested resource isn't a valid image for /images/46.jpg received null
 Γ¿» The requested resource isn't a valid image for /images/47.jpg received null
[Error: The requested resource isn't a valid image.] { statusCode: 400 }
[Error: The requested resource isn't a valid image.] { statusCode: 400 }
[Error: The requested resource isn't a valid image.] { statusCode: 400 }
 Γ¿» The requested resource isn't a valid image for /images/48.jpg received null
[Error: The requested resource isn't a valid image.] { statusCode: 400 }
 Γ¿» The requested resource isn't a valid image for /images/73.jpg received null
 Γ¿» The requested resource isn't a valid image for /images/60.jpg received null
[Error: The requested resource isn't a valid image.] { statusCode: 400 }
[Error: The requested resource isn't a valid image.] { statusCode: 400 }
 Γ¿» The requested resource isn't a valid image for /images/61.jpg received null
[Error: The requested resource isn't a valid image.] { statusCode: 400 }
 Γ¿» The requested resource isn't a valid image for /images/62.jpg received null
[Error: The requested resource isn't a valid image.] { statusCode: 400 }
 Γ¿» The requested resource isn't a valid image for /images/63.jpg received null
 Γ¿» The requested resource isn't a valid image for /images/64.jpg received null
 Γ¿» The requested resource isn't a valid image for /images/65.jpg received null
 Γ¿» The requested resource isn't a valid image for /images/66.jpg received null
[Error: The requested resource isn't a valid image.] { statusCode: 400 }
[Error: The requested resource isn't a valid image.] { statusCode: 400 }
[Error: The requested resource isn't a valid image.] { statusCode: 400 }
[Error: The requested resource isn't a valid image.] { statusCode: 400 }
 Γ¿» The requested resource isn't a valid image for /images/67.jpg received null
[Error: The requested resource isn't a valid image.] { statusCode: 400 }
 Γ¿» The requested resource isn't a valid image for /images/68.jpg received null
[Error: The requested resource isn't a valid image.] { statusCode: 400 }
 Γ¿» The requested resource isn't a valid image for /images/69.jpg received null
 Γ¿» The requested resource isn't a valid image for /images/70.jpg received null
 Γ¿» The requested resource isn't a valid image for /images/71.jpg received null
 Γ¿» The requested resource isn't a valid image for /images/72.jpg received null
[Error: The requested resource isn't a valid image.] { statusCode: 400 }
[Error: The requested resource isn't a valid image.] { statusCode: 400 }
[Error: The requested resource isn't a valid image.] { statusCode: 400 }
[Error: The requested resource isn't a valid image.] { statusCode: 400 }
